# JRE version: OpenJDK Runtime Environment Temurin-21.0.8+9 (21.0.8+9) (build 21.0.8+9-LTS)
# Java VM: OpenJDK 64-Bit Server VM Temurin-21.0.8+9 (21.0.8+9-LTS, mixed mode, sharing, tiered, compressed oops, compressed class ptrs, parallel gc, windows-amd64)
GC Precious Log:
 CardTable entry size: 512
 CPUs: 8 total, 8 available
 Memory: 16236M
 Large Page Support: Disabled
 NUMA Support: Disabled
 Compressed Oops: Enabled (32-bit)
 Alignments: Space 512K, Generation 512K, Heap 2M
 Heap Min Capacity: 100M
 Heap Initial Capacity: 100M
 Heap Max Capacity: 2G
 Pre-touch: Disabled
 Parallel Workers: 8
Heap:
 PSYoungGen      total 2048K, used 1725K [0x00000000d5580000, 0x00000000d5800000, 0x0000000100000000)
  eden space 1536K, 95% used [0x00000000d5580000,0x00000000d56ef650,0x00000000d5700000)
  from space 512K, 50% used [0x00000000d5780000,0x00000000d57c0000,0x00000000d5800000)
  to   space 512K, 0% used [0x00000000d5700000,0x00000000d5700000,0x00000000d5780000)
 ParOldGen       total 735232K, used 734723K [0x0000000080000000, 0x00000000ace00000, 0x00000000d5580000)
  object space 735232K, 99% used [0x0000000080000000,0x00000000acd80f78,0x00000000ace00000)
 Metaspace       used 72046K, committed 73728K, reserved 1179648K
  class space    used 7091K, committed 7936K, reserved 1048576K
GC Heap History (20 events):
Event: 8840.744 GC heap before
{Heap before GC invocations=1507 (full 4):
 PSYoungGen      total 1536K, used 1216K [0x00000000d5580000, 0x00000000d5800000, 0x0000000100000000)
  eden space 1024K, 100% used [0x00000000d5580000,0x00000000d5680000,0x00000000d5680000)
  from space 512K, 37% used [0x00000000d5780000,0x00000000d57b0000,0x00000000d5800000)
  to   space 512K, 0% used [0x00000000d5700000,0x00000000d5700000,0x00000000d5780000)
 ParOldGen       total 733184K, used 732965K [0x0000000080000000, 0x00000000acc00000, 0x00000000d5580000)
  object space 733184K, 99% used [0x0000000080000000,0x00000000acbc95e0,0x00000000acc00000)
 Metaspace       used 71987K, committed 73664K, reserved 1179648K
  class space    used 7091K, committed 7936K, reserved 1048576K
}
Event: 8840.746 GC heap after
{Heap after GC invocations=1507 (full 4):
 PSYoungGen      total 2048K, used 192K [0x00000000d5580000, 0x00000000d5800000, 0x0000000100000000)
  eden space 1536K, 0% used [0x00000000d5580000,0x00000000d5580000,0x00000000d5700000)
  from space 512K, 37% used [0x00000000d5700000,0x00000000d5730000,0x00000000d5780000)
  to   space 512K, 0% used [0x00000000d5780000,0x00000000d5780000,0x00000000d5800000)
 ParOldGen       total 733184K, used 733061K [0x0000000080000000, 0x00000000acc00000, 0x00000000d5580000)
  object space 733184K, 99% used [0x0000000080000000,0x00000000acbe15e0,0x00000000acc00000)
 Metaspace       used 71987K, committed 73664K, reserved 1179648K
  class space    used 7091K, committed 7936K, reserved 1048576K
}
Event: 8840.755 GC heap before
{Heap before GC invocations=1508 (full 4):
 PSYoungGen      total 2048K, used 1728K [0x00000000d5580000, 0x00000000d5800000, 0x0000000100000000)
  eden space 1536K, 100% used [0x00000000d5580000,0x00000000d5700000,0x00000000d5700000)
  from space 512K, 37% used [0x00000000d5700000,0x00000000d5730000,0x00000000d5780000)
  to   space 512K, 0% used [0x00000000d5780000,0x00000000d5780000,0x00000000d5800000)
 ParOldGen       total 733184K, used 733061K [0x0000000080000000, 0x00000000acc00000, 0x00000000d5580000)
  object space 733184K, 99% used [0x0000000080000000,0x00000000acbe15e0,0x00000000acc00000)
 Metaspace       used 71989K, committed 73664K, reserved 1179648K
  class space    used 7091K, committed 7936K, reserved 1048576K
}
Event: 8840.757 GC heap after
{Heap after GC invocations=1508 (full 4):
 PSYoungGen      total 2048K, used 256K [0x00000000d5580000, 0x00000000d5800000, 0x0000000100000000)
  eden space 1536K, 0% used [0x00000000d5580000,0x00000000d5580000,0x00000000d5700000)
  from space 512K, 50% used [0x00000000d5780000,0x00000000d57c0000,0x00000000d5800000)
  to   space 512K, 0% used [0x00000000d5700000,0x00000000d5700000,0x00000000d5780000)
 ParOldGen       total 733184K, used 733149K [0x0000000080000000, 0x00000000acc00000, 0x00000000d5580000)
  object space 733184K, 99% used [0x0000000080000000,0x00000000acbf7600,0x00000000acc00000)
 Metaspace       used 71989K, committed 73664K, reserved 1179648K
  class space    used 7091K, committed 7936K, reserved 1048576K
}
Event: 8840.768 GC heap before
{Heap before GC invocations=1509 (full 4):
 PSYoungGen      total 2048K, used 1791K [0x00000000d5580000, 0x00000000d5800000, 0x0000000100000000)
  eden space 1536K, 99% used [0x00000000d5580000,0x00000000d56fff98,0x00000000d5700000)
  from space 512K, 50% used [0x00000000d5780000,0x00000000d57c0000,0x00000000d5800000)
  to   space 512K, 0% used [0x00000000d5700000,0x00000000d5700000,0x00000000d5780000)
 ParOldGen       total 733184K, used 733149K [0x0000000080000000, 0x00000000acc00000, 0x00000000d5580000)
  object space 733184K, 99% used [0x0000000080000000,0x00000000acbf7600,0x00000000acc00000)
 Metaspace       used 71990K, committed 73664K, reserved 1179648K
  class space    used 7091K, committed 7936K, reserved 1048576K
}
Event: 8840.771 GC heap after
{Heap after GC invocations=1509 (full 4):
 PSYoungGen      total 2048K, used 352K [0x00000000d5580000, 0x00000000d5800000, 0x0000000100000000)
  eden space 1536K, 0% used [0x00000000d5580000,0x00000000d5580000,0x00000000d5700000)
  from space 512K, 68% used [0x00000000d5700000,0x00000000d5758000,0x00000000d5780000)
  to   space 512K, 0% used [0x00000000d5780000,0x00000000d5780000,0x00000000d5800000)
 ParOldGen       total 733696K, used 733301K [0x0000000080000000, 0x00000000acc80000, 0x00000000d5580000)
  object space 733696K, 99% used [0x0000000080000000,0x00000000acc1d600,0x00000000acc80000)
 Metaspace       used 71990K, committed 73664K, reserved 1179648K
  class space    used 7091K, committed 7936K, reserved 1048576K
}
Event: 8840.779 GC heap before
{Heap before GC invocations=1510 (full 4):
 PSYoungGen      total 2048K, used 1888K [0x00000000d5580000, 0x00000000d5800000, 0x0000000100000000)
  eden space 1536K, 100% used [0x00000000d5580000,0x00000000d5700000,0x00000000d5700000)
  from space 512K, 68% used [0x00000000d5700000,0x00000000d5758000,0x00000000d5780000)
  to   space 512K, 0% used [0x00000000d5780000,0x00000000d5780000,0x00000000d5800000)
 ParOldGen       total 733696K, used 733301K [0x0000000080000000, 0x00000000acc80000, 0x00000000d5580000)
  object space 733696K, 99% used [0x0000000080000000,0x00000000acc1d600,0x00000000acc80000)
 Metaspace       used 71990K, committed 73664K, reserved 1179648K
  class space    used 7091K, committed 7936K, reserved 1048576K
}
Event: 8840.781 GC heap after
{Heap after GC invocations=1510 (full 4):
 PSYoungGen      total 2048K, used 448K [0x00000000d5580000, 0x00000000d5880000, 0x0000000100000000)
  eden space 1536K, 0% used [0x00000000d5580000,0x00000000d5580000,0x00000000d5700000)
  from space 512K, 87% used [0x00000000d5780000,0x00000000d57f0000,0x00000000d5800000)
  to   space 512K, 0% used [0x00000000d5700000,0x00000000d5700000,0x00000000d5780000)
 ParOldGen       total 733696K, used 733505K [0x0000000080000000, 0x00000000acc80000, 0x00000000d5580000)
  object space 733696K, 99% used [0x0000000080000000,0x00000000acc50610,0x00000000acc80000)
 Metaspace       used 71990K, committed 73664K, reserved 1179648K
  class space    used 7091K, committed 7936K, reserved 1048576K
}
Event: 8840.796 GC heap before
{Heap before GC invocations=1511 (full 4):
 PSYoungGen      total 2048K, used 1984K [0x00000000d5580000, 0x00000000d5880000, 0x0000000100000000)
  eden space 1536K, 100% used [0x00000000d5580000,0x00000000d5700000,0x00000000d5700000)
  from space 512K, 87% used [0x00000000d5780000,0x00000000d57f0000,0x00000000d5800000)
  to   space 512K, 0% used [0x00000000d5700000,0x00000000d5700000,0x00000000d5780000)
 ParOldGen       total 733696K, used 733505K [0x0000000080000000, 0x00000000acc80000, 0x00000000d5580000)
  object space 733696K, 99% used [0x0000000080000000,0x00000000acc50610,0x00000000acc80000)
 Metaspace       used 71993K, committed 73664K, reserved 1179648K
  class space    used 7091K, committed 7936K, reserved 1048576K
}
Event: 8840.798 GC heap after
{Heap after GC invocations=1511 (full 4):
 PSYoungGen      total 2048K, used 384K [0x00000000d5580000, 0x00000000d5800000, 0x0000000100000000)
  eden space 1536K, 0% used [0x00000000d5580000,0x00000000d5580000,0x00000000d5700000)
  from space 512K, 75% used [0x00000000d5700000,0x00000000d5760000,0x00000000d5780000)
  to   space 512K, 0% used [0x00000000d5780000,0x00000000d5780000,0x00000000d5800000)
 ParOldGen       total 734208K, used 733825K [0x0000000080000000, 0x00000000acd00000, 0x00000000d5580000)
  object space 734208K, 99% used [0x0000000080000000,0x00000000acca0610,0x00000000acd00000)
 Metaspace       used 71993K, committed 73664K, reserved 1179648K
  class space    used 7091K, committed 7936K, reserved 1048576K
}
Event: 8840.853 GC heap before
{Heap before GC invocations=1512 (full 4):
 PSYoungGen      total 2048K, used 1920K [0x00000000d5580000, 0x00000000d5800000, 0x0000000100000000)
  eden space 1536K, 100% used [0x00000000d5580000,0x00000000d5700000,0x00000000d5700000)
  from space 512K, 75% used [0x00000000d5700000,0x00000000d5760000,0x00000000d5780000)
  to   space 512K, 0% used [0x00000000d5780000,0x00000000d5780000,0x00000000d5800000)
 ParOldGen       total 734208K, used 733825K [0x0000000080000000, 0x00000000acd00000, 0x00000000d5580000)
  object space 734208K, 99% used [0x0000000080000000,0x00000000acca0610,0x00000000acd00000)
 Metaspace       used 72002K, committed 73664K, reserved 1179648K
  class space    used 7091K, committed 7936K, reserved 1048576K
}
Event: 8840.856 GC heap after
{Heap after GC invocations=1512 (full 4):
 PSYoungGen      total 2048K, used 288K [0x00000000d5580000, 0x00000000d5800000, 0x0000000100000000)
  eden space 1536K, 0% used [0x00000000d5580000,0x00000000d5580000,0x00000000d5700000)
  from space 512K, 56% used [0x00000000d5780000,0x00000000d57c8000,0x00000000d5800000)
  to   space 512K, 0% used [0x00000000d5700000,0x00000000d5700000,0x00000000d5780000)
 ParOldGen       total 734208K, used 734081K [0x0000000080000000, 0x00000000acd00000, 0x00000000d5580000)
  object space 734208K, 99% used [0x0000000080000000,0x00000000acce0640,0x00000000acd00000)
 Metaspace       used 72002K, committed 73664K, reserved 1179648K
  class space    used 7091K, committed 7936K, reserved 1048576K
}
Event: 8840.881 GC heap before
{Heap before GC invocations=1513 (full 4):
 PSYoungGen      total 2048K, used 1824K [0x00000000d5580000, 0x00000000d5800000, 0x0000000100000000)
  eden space 1536K, 100% used [0x00000000d5580000,0x00000000d5700000,0x00000000d5700000)
  from space 512K, 56% used [0x00000000d5780000,0x00000000d57c8000,0x00000000d5800000)
  to   space 512K, 0% used [0x00000000d5700000,0x00000000d5700000,0x00000000d5780000)
 ParOldGen       total 734208K, used 734081K [0x0000000080000000, 0x00000000acd00000, 0x00000000d5580000)
  object space 734208K, 99% used [0x0000000080000000,0x00000000acce0640,0x00000000acd00000)
 Metaspace       used 72021K, committed 73664K, reserved 1179648K
  class space    used 7091K, committed 7936K, reserved 1048576K
}
Event: 8840.883 GC heap after
{Heap after GC invocations=1513 (full 4):
 PSYoungGen      total 2048K, used 352K [0x00000000d5580000, 0x00000000d5800000, 0x0000000100000000)
  eden space 1536K, 0% used [0x00000000d5580000,0x00000000d5580000,0x00000000d5700000)
  from space 512K, 68% used [0x00000000d5700000,0x00000000d5758000,0x00000000d5780000)
  to   space 512K, 0% used [0x00000000d5780000,0x00000000d5780000,0x00000000d5800000)
 ParOldGen       total 734720K, used 734273K [0x0000000080000000, 0x00000000acd80000, 0x00000000d5580000)
  object space 734720K, 99% used [0x0000000080000000,0x00000000acd10418,0x00000000acd80000)
 Metaspace       used 72021K, committed 73664K, reserved 1179648K
  class space    used 7091K, committed 7936K, reserved 1048576K
}
Event: 8840.929 GC heap before
{Heap before GC invocations=1514 (full 4):
 PSYoungGen      total 2048K, used 1887K [0x00000000d5580000, 0x00000000d5800000, 0x0000000100000000)
  eden space 1536K, 99% used [0x00000000d5580000,0x00000000d56fffe8,0x00000000d5700000)
  from space 512K, 68% used [0x00000000d5700000,0x00000000d5758000,0x00000000d5780000)
  to   space 512K, 0% used [0x00000000d5780000,0x00000000d5780000,0x00000000d5800000)
 ParOldGen       total 734720K, used 734273K [0x0000000080000000, 0x00000000acd80000, 0x00000000d5580000)
  object space 734720K, 99% used [0x0000000080000000,0x00000000acd10418,0x00000000acd80000)
 Metaspace       used 72029K, committed 73728K, reserved 1179648K
  class space    used 7091K, committed 7936K, reserved 1048576K
}
Event: 8840.932 GC heap after
{Heap after GC invocations=1514 (full 4):
 PSYoungGen      total 2048K, used 352K [0x00000000d5580000, 0x00000000d5800000, 0x0000000100000000)
  eden space 1536K, 0% used [0x00000000d5580000,0x00000000d5580000,0x00000000d5700000)
  from space 512K, 68% used [0x00000000d5780000,0x00000000d57d8000,0x00000000d5800000)
  to   space 512K, 0% used [0x00000000d5700000,0x00000000d5700000,0x00000000d5780000)
 ParOldGen       total 734720K, used 734453K [0x0000000080000000, 0x00000000acd80000, 0x00000000d5580000)
  object space 734720K, 99% used [0x0000000080000000,0x00000000acd3d428,0x00000000acd80000)
 Metaspace       used 72029K, committed 73728K, reserved 1179648K
  class space    used 7091K, committed 7936K, reserved 1048576K
}
Event: 8841.010 GC heap before
{Heap before GC invocations=1515 (full 4):
 PSYoungGen      total 2048K, used 1887K [0x00000000d5580000, 0x00000000d5800000, 0x0000000100000000)
  eden space 1536K, 99% used [0x00000000d5580000,0x00000000d56ffff0,0x00000000d5700000)
  from space 512K, 68% used [0x00000000d5780000,0x00000000d57d8000,0x00000000d5800000)
  to   space 512K, 0% used [0x00000000d5700000,0x00000000d5700000,0x00000000d5780000)
 ParOldGen       total 734720K, used 734453K [0x0000000080000000, 0x00000000acd80000, 0x00000000d5580000)
  object space 734720K, 99% used [0x0000000080000000,0x00000000acd3d428,0x00000000acd80000)
 Metaspace       used 72036K, committed 73728K, reserved 1179648K
  class space    used 7091K, committed 7936K, reserved 1048576K
}
Event: 8841.012 GC heap after
{Heap after GC invocations=1515 (full 4):
 PSYoungGen      total 2048K, used 192K [0x00000000d5580000, 0x00000000d5800000, 0x0000000100000000)
  eden space 1536K, 0% used [0x00000000d5580000,0x00000000d5580000,0x00000000d5700000)
  from space 512K, 37% used [0x00000000d5700000,0x00000000d5730000,0x00000000d5780000)
  to   space 512K, 0% used [0x00000000d5780000,0x00000000d5780000,0x00000000d5800000)
 ParOldGen       total 734720K, used 734648K [0x0000000080000000, 0x00000000acd80000, 0x00000000d5580000)
  object space 734720K, 99% used [0x0000000080000000,0x00000000acd6e170,0x00000000acd80000)
 Metaspace       used 72036K, committed 73728K, reserved 1179648K
  class space    used 7091K, committed 7936K, reserved 1048576K
}
Event: 9001.868 GC heap before
{Heap before GC invocations=1516 (full 4):
 PSYoungGen      total 2048K, used 1727K [0x00000000d5580000, 0x00000000d5800000, 0x0000000100000000)
  eden space 1536K, 99% used [0x00000000d5580000,0x00000000d56ffff0,0x00000000d5700000)
  from space 512K, 37% used [0x00000000d5700000,0x00000000d5730000,0x00000000d5780000)
  to   space 512K, 0% used [0x00000000d5780000,0x00000000d5780000,0x00000000d5800000)
 ParOldGen       total 734720K, used 734648K [0x0000000080000000, 0x00000000acd80000, 0x00000000d5580000)
  object space 734720K, 99% used [0x0000000080000000,0x00000000acd6e170,0x00000000acd80000)
 Metaspace       used 72046K, committed 73728K, reserved 1179648K
  class space    used 7091K, committed 7936K, reserved 1048576K
}
Event: 9001.870 GC heap after
{Heap after GC invocations=1516 (full 4):
 PSYoungGen      total 2048K, used 256K [0x00000000d5580000, 0x00000000d5800000, 0x0000000100000000)
  eden space 1536K, 0% used [0x00000000d5580000,0x00000000d5580000,0x00000000d5700000)
  from space 512K, 50% used [0x00000000d5780000,0x00000000d57c0000,0x00000000d5800000)
  to   space 512K, 0% used [0x00000000d5700000,0x00000000d5700000,0x00000000d5780000)
 ParOldGen       total 735232K, used 734723K [0x0000000080000000, 0x00000000ace00000, 0x00000000d5580000)
  object space 735232K, 99% used [0x0000000080000000,0x00000000acd80f78,0x00000000ace00000)
 Metaspace       used 72046K, committed 73728K, reserved 1179648K
  class space    used 7091K, committed 7936K, reserved 1048576K
}

